\BOOKMARK [1][-]{section.1}{\376\377\004\036\004\102\000\040\004\075\004\103\004\073\004\117\000\040\004\064\004\076\000\040\004\065\004\064\004\070\004\075\004\070\004\106\004\113}{}% 1
\BOOKMARK [2][-]{subsection.1.1}{\376\377\004\030\004\101\004\072\004\103\004\101\004\101\004\102\004\062\004\076\000\040\004\103\004\077\004\100\004\060\004\062\004\073\004\065\004\075\004\070\004\117\000\040\004\101\004\073\004\076\004\066\004\075\004\076\004\101\004\102\004\114\004\116}{section.1}% 2
\BOOKMARK [3][-]{subsubsection.1.1.1}{\376\377\004\020\004\061\004\101\004\102\004\100\004\060\004\072\004\106\004\070\004\117}{subsection.1.1}% 3
\BOOKMARK [3][-]{subsubsection.1.1.2}{\376\377\004\042\004\100\004\070\000\040\004\061\004\060\004\067\004\076\004\062\004\113\004\105\000\040\004\077\004\100\004\070\004\075\004\106\004\070\004\077\004\060}{subsection.1.1}% 4
\BOOKMARK [2][-]{subsection.1.2}{\376\377\004\046\004\070\004\104\004\100\004\076\004\062\004\060\004\117\000\040\004\060\004\061\004\101\004\102\004\100\004\060\004\072\004\106\004\070\004\117}{section.1}% 5
\BOOKMARK [1][-]{section.2}{\376\377\004\020\004\100\004\105\004\070\004\102\004\065\004\072\004\102\004\103\004\100\004\113\000\040\004\077\004\100\004\076\004\106\004\065\004\101\004\101\004\076\004\100\004\075\004\113\004\105\000\040\004\101\004\070\004\101\004\102\004\065\004\074}{}% 6
\BOOKMARK [2][-]{subsection.2.1}{\376\377\004\037\004\100\004\076\004\106\004\065\004\101\004\101\004\076\004\100}{section.2}% 7
\BOOKMARK [2][-]{subsection.2.2}{\376\377\004\036\004\101\004\075\004\076\004\062\004\075\004\113\004\065\000\040\004\077\004\076\004\075\004\117\004\102\004\070\004\117}{section.2}% 8
\BOOKMARK [2][-]{subsection.2.3}{\376\377\004\036\004\077\004\065\004\100\004\060\004\102\004\070\004\062\004\075\004\060\004\117\000\040\004\077\004\060\004\074\004\117\004\102\004\114}{section.2}% 9
\BOOKMARK [1][-]{section.3}{\376\377\004\036\004\101\004\075\004\076\004\062\004\113\000\040\004\060\004\101\004\101\004\065\004\074\004\061\004\073\004\065\004\100\004\060}{}% 10
\BOOKMARK [2][-]{subsection.3.1}{\376\377\004\030\004\075\004\101\004\102\004\100\004\103\004\072\004\106\004\070\004\117\000\040\004\072\004\076\004\077\004\070\004\100\004\076\004\062\004\060\004\075\004\070\004\117\000\040\000M\000O\000V}{section.3}% 11
\BOOKMARK [2][-]{subsection.3.2}{\376\377\004\037\004\100\004\076\004\101\004\102\004\113\004\065\000\040\004\060\004\100\004\070\004\104\004\074\004\065\004\102\004\070\004\107\004\065\004\101\004\072\004\070\004\065\000\040\004\070\004\075\004\101\004\102\004\100\004\103\004\072\004\106\004\070\004\070}{section.3}% 12
\BOOKMARK [2][-]{subsection.3.3}{\376\377\004\041\004\102\004\065\004\072}{section.3}% 13
\BOOKMARK [2][-]{subsection.3.4}{\376\377\004\034\004\065\004\102\004\072\004\070\000\040\004\070\000\040\004\077\004\065\004\100\004\065\004\074\004\065\004\075\004\075\004\113\004\065}{section.3}% 14
\BOOKMARK [2][-]{subsection.3.5}{\376\377\004\037\004\100\004\065\004\100\004\113\004\062\004\060\004\075\004\070\004\065}{section.3}% 15
\BOOKMARK [1][-]{section.4}{\376\377\004\036\004\077\004\065\004\100\004\060\004\106\004\070\004\076\004\075\004\075\004\113\004\065\000\040\004\101\004\070\004\101\004\102\004\065\004\074\004\113}{}% 16
\BOOKMARK [2][-]{subsection.4.1}{\376\377\004\027\004\060\004\063\004\100\004\103\004\067\004\072\004\060}{section.4}% 17
\BOOKMARK [2][-]{subsection.4.2}{\376\377\000B\000I\000O\000S}{section.4}% 18
\BOOKMARK [2][-]{subsection.4.3}{\376\377\004\041\004\065\004\063\004\074\004\065\004\075\004\102\004\075\004\060\004\117\000\040\004\060\004\064\004\100\004\065\004\101\004\060\004\106\004\070\004\117\000\040\004\077\004\060\004\074\004\117\004\102\004\070}{section.4}% 19
\BOOKMARK [2][-]{subsection.4.4}{\376\377\004\043\004\077\004\100\004\060\004\062\004\073\004\065\004\075\004\070\004\065\000\040\004\077\004\060\004\074\004\117\004\102\004\114\004\116}{section.4}% 20
\BOOKMARK [2][-]{subsection.4.5}{\376\377\004\041\004\065\004\063\004\074\004\065\004\075\004\102\004\060\004\106\004\070\004\117\000\040\000R\000e\000a\000l\000\040\000M\000o\000d\000e}{section.4}% 21
\BOOKMARK [1][-]{section.5}{\376\377\004\021\004\065\004\073\004\113\004\071\000\040\004\105\004\060\004\072\004\065\004\100}{}% 22
\BOOKMARK [2][-]{subsection.5.1}{\376\377\004\037\004\100\004\076\004\106\004\065\004\101\004\101\000\040\004\101\004\061\004\076\004\100\004\060\000\040\004\070\004\075\004\104\004\076\004\100\004\074\004\060\004\106\004\070\004\070\000\040\004\076\000\040\004\062\004\075\004\065\004\110\004\075\004\065\004\071\000\040\004\070\004\075\004\104\004\100\004\060\004\101\004\102\004\100\004\103\004\072\004\102\004\103\004\100\004\065\000.\000\040\000O\000S\000I\000N\000T}{section.5}% 23
